This file contains any messages produced by compilers while
running configure, to aid debugging if configure makes a mistake.

It was created by configure, which was
generated by GNU Autoconf 2.61.  Invocation command line was

  $ ./configure --prefix=/home/juan/Escritorio/IA/15-rl-competition-2009/system/build

## --------- ##
## Platform. ##
## --------- ##

hostname = juan-laptop
uname -m = i686
uname -r = 2.6.29-1-netbook
uname -s = Linux
uname -v = #0array1 SMP Mon Feb 23 15:02:03 MST 2009

/usr/bin/uname -p = unknown
/bin/uname -X     = unknown

/bin/arch              = unknown
/usr/bin/arch -k       = unknown
/usr/convex/getsysinfo = unknown
/usr/bin/hostinfo      = unknown
/bin/machine           = unknown
/usr/bin/oslevel       = unknown
/bin/universe          = unknown

PATH: /usr/local/sbin
PATH: /usr/local/bin
PATH: /usr/sbin
PATH: /usr/bin
PATH: /sbin
PATH: /bin
PATH: /usr/games


## ----------- ##
## Core tests. ##
## ----------- ##

configure:1957: checking for a BSD-compatible install
configure:2013: result: /usr/bin/install -c
configure:2024: checking whether build environment is sane
configure:2067: result: yes
configure:2095: checking for a thread-safe mkdir -p
configure:2134: result: /bin/mkdir -p
configure:2147: checking for gawk
configure:2163: found /usr/bin/gawk
configure:2174: result: gawk
configure:2185: checking whether make sets $(MAKE)
configure:2206: result: yes
configure:2442: checking for gcc
configure:2458: found /usr/bin/gcc
configure:2469: result: gcc
configure:2707: checking for C compiler version
configure:2714: gcc --version >&5
gcc (Ubuntu 4.3.3-5ubuntu4) 4.3.3
Copyright (C) 2008 Free Software Foundation, Inc.
This is free software; see the source for copying conditions.  There is NO
warranty; not even for MERCHANTABILITY or FITNESS FOR A PARTICULAR PURPOSE.

configure:2717: $? = 0
configure:2724: gcc -v >&5
Using built-in specs.
Target: i486-linux-gnu
Configured with: ../src/configure -v --with-pkgversion='Ubuntu 4.3.3-5ubuntu4' --with-bugurl=file:///usr/share/doc/gcc-4.3/README.Bugs --enable-languages=c,c++,fortran,objc,obj-c++ --prefix=/usr --enable-shared --with-system-zlib --libexecdir=/usr/lib --without-included-gettext --enable-threads=posix --enable-nls --with-gxx-include-dir=/usr/include/c++/4.3 --program-suffix=-4.3 --enable-clocale=gnu --enable-libstdcxx-debug --enable-objc-gc --enable-mpfr --enable-targets=all --with-tune=generic --enable-checking=release --build=i486-linux-gnu --host=i486-linux-gnu --target=i486-linux-gnu
Thread model: posix
gcc version 4.3.3 (Ubuntu 4.3.3-5ubuntu4) 
configure:2727: $? = 0
configure:2734: gcc -V >&5
gcc: '-V' option must have argument
configure:2737: $? = 1
configure:2760: checking for C compiler default output file name
configure:2787: gcc    conftest.c  >&5
configure:2790: $? = 0
configure:2828: result: a.out
configure:2845: checking whether the C compiler works
configure:2855: ./a.out
configure:2858: $? = 0
configure:2875: result: yes
configure:2882: checking whether we are cross compiling
configure:2884: result: no
configure:2887: checking for suffix of executables
configure:2894: gcc -o conftest    conftest.c  >&5
configure:2897: $? = 0
configure:2921: result: 
configure:2927: checking for suffix of object files
configure:2953: gcc -c   conftest.c >&5
configure:2956: $? = 0
configure:2979: result: o
configure:2983: checking whether we are using the GNU C compiler
configure:3012: gcc -c   conftest.c >&5
configure:3018: $? = 0
configure:3035: result: yes
configure:3040: checking whether gcc accepts -g
configure:3070: gcc -c -g  conftest.c >&5
configure:3076: $? = 0
configure:3175: result: yes
configure:3192: checking for gcc option to accept ISO C89
configure:3266: gcc  -c -g -O2  conftest.c >&5
configure:3272: $? = 0
configure:3295: result: none needed
configure:3324: checking for style of include used by make
configure:3352: result: GNU
configure:3377: checking dependency style of gcc
configure:3468: result: gcc3
configure:3496: checking for a BSD-compatible install
configure:3552: result: /usr/bin/install -c
configure:3594: checking build system type
configure:3612: result: i686-pc-linux-gnu
configure:3634: checking host system type
configure:3649: result: i686-pc-linux-gnu
configure:3671: checking for a sed that does not truncate output
configure:3750: result: /bin/sed
configure:3768: checking for grep that handles long lines and -e
configure:3842: result: /bin/grep
configure:3847: checking for egrep
configure:3925: result: /bin/grep -E
configure:3930: checking for fgrep
configure:4008: result: /bin/grep -F
configure:4043: checking for ld used by gcc
configure:4110: result: /usr/bin/ld
configure:4119: checking if the linker (/usr/bin/ld) is GNU ld
configure:4134: result: yes
configure:4146: checking for BSD- or MS-compatible name lister (nm)
configure:4195: result: /usr/bin/nm -B
configure:4317: checking the name lister (/usr/bin/nm -B) interface
configure:4324: gcc -c -g -O2  conftest.c >&5
configure:4327: /usr/bin/nm -B "conftest.o"
configure:4330: output
00000000 B some_variable
configure:4337: result: BSD nm
configure:4340: checking whether ln -s works
configure:4344: result: yes
configure:4352: checking the maximum length of command line arguments
configure:4472: result: 1572864
configure:4489: checking whether the shell understands some XSI constructs
configure:4499: result: yes
configure:4503: checking whether the shell understands "+="
configure:4509: result: yes
configure:4544: checking for /usr/bin/ld option to reload object files
configure:4551: result: -r
configure:4578: checking how to recognize dependent libraries
configure:4768: result: pass_all
configure:4828: checking for ar
configure:4844: found /usr/bin/ar
configure:4855: result: ar
configure:4937: checking for strip
configure:4953: found /usr/bin/strip
configure:4964: result: strip
configure:5040: checking for ranlib
configure:5056: found /usr/bin/ranlib
configure:5067: result: ranlib
configure:5161: checking command to parse /usr/bin/nm -B output from gcc object
configure:5279: gcc -c -g -O2  conftest.c >&5
configure:5282: $? = 0
configure:5286: /usr/bin/nm -B conftest.o \| sed -n -e 's/^.*[	 ]\([ABCDGIRSTW][ABCDGIRSTW]*\)[	 ][	 ]*\([_A-Za-z][_A-Za-z0-9]*\)$/\1 \2 \2/p' \> conftest.nm
configure:5289: $? = 0
configure:5343: gcc -o conftest -g -O2   conftest.c conftstm.o >&5
configure:5346: $? = 0
configure:5384: result: ok
configure:6263: checking how to run the C preprocessor
configure:6303: gcc -E  conftest.c
configure:6309: $? = 0
configure:6340: gcc -E  conftest.c
conftest.c:10:28: error: ac_nonexistent.h: No such file or directory
configure:6346: $? = 1
configure: failed program was:
| /* confdefs.h.  */
| #define PACKAGE_NAME ""
| #define PACKAGE_TARNAME ""
| #define PACKAGE_VERSION ""
| #define PACKAGE_STRING ""
| #define PACKAGE_BUGREPORT ""
| #define PACKAGE "rlglue"
| #define VERSION "3.03"
| /* end confdefs.h.  */
| #include <ac_nonexistent.h>
configure:6379: result: gcc -E
configure:6408: gcc -E  conftest.c
configure:6414: $? = 0
configure:6445: gcc -E  conftest.c
conftest.c:10:28: error: ac_nonexistent.h: No such file or directory
configure:6451: $? = 1
configure: failed program was:
| /* confdefs.h.  */
| #define PACKAGE_NAME ""
| #define PACKAGE_TARNAME ""
| #define PACKAGE_VERSION ""
| #define PACKAGE_STRING ""
| #define PACKAGE_BUGREPORT ""
| #define PACKAGE "rlglue"
| #define VERSION "3.03"
| /* end confdefs.h.  */
| #include <ac_nonexistent.h>
configure:6489: checking for ANSI C header files
configure:6519: gcc -c -g -O2  conftest.c >&5
configure:6525: $? = 0
configure:6624: gcc -o conftest -g -O2   conftest.c  >&5
configure:6627: $? = 0
configure:6633: ./conftest
configure:6636: $? = 0
configure:6653: result: yes
configure:6677: checking for sys/types.h
configure:6698: gcc -c -g -O2  conftest.c >&5
configure:6704: $? = 0
configure:6720: result: yes
configure:6677: checking for sys/stat.h
configure:6698: gcc -c -g -O2  conftest.c >&5
configure:6704: $? = 0
configure:6720: result: yes
configure:6677: checking for stdlib.h
configure:6698: gcc -c -g -O2  conftest.c >&5
configure:6704: $? = 0
configure:6720: result: yes
configure:6677: checking for string.h
configure:6698: gcc -c -g -O2  conftest.c >&5
configure:6704: $? = 0
configure:6720: result: yes
configure:6677: checking for memory.h
configure:6698: gcc -c -g -O2  conftest.c >&5
configure:6704: $? = 0
configure:6720: result: yes
configure:6677: checking for strings.h
configure:6698: gcc -c -g -O2  conftest.c >&5
configure:6704: $? = 0
configure:6720: result: yes
configure:6677: checking for inttypes.h
configure:6698: gcc -c -g -O2  conftest.c >&5
configure:6704: $? = 0
configure:6720: result: yes
configure:6677: checking for stdint.h
configure:6698: gcc -c -g -O2  conftest.c >&5
configure:6704: $? = 0
configure:6720: result: yes
configure:6677: checking for unistd.h
configure:6698: gcc -c -g -O2  conftest.c >&5
configure:6704: $? = 0
configure:6720: result: yes
configure:6736: checking for dlfcn.h
configure:6757: gcc -c -g -O2  conftest.c >&5
configure:6763: $? = 0
configure:6779: result: yes
configure:6963: checking for objdir
configure:6978: result: .libs
configure:7270: checking if gcc supports -fno-rtti -fno-exceptions
configure:7288: gcc -c -g -O2  -fno-rtti -fno-exceptions conftest.c >&5
cc1: warning: command line option "-fno-rtti" is valid for C++/ObjC++ but not for C
configure:7292: $? = 0
configure:7305: result: no
configure:7325: checking for gcc option to produce PIC
configure:7582: result: -fPIC -DPIC
configure:7594: checking if gcc PIC flag -fPIC -DPIC works
configure:7612: gcc -c -g -O2  -fPIC -DPIC -DPIC conftest.c >&5
configure:7616: $? = 0
configure:7629: result: yes
configure:7653: checking if gcc static flag -static works
configure:7681: result: yes
configure:7696: checking if gcc supports -c -o file.o
configure:7717: gcc -c -g -O2  -o out/conftest2.o conftest.c >&5
configure:7721: $? = 0
configure:7743: result: yes
configure:7751: checking if gcc supports -c -o file.o
configure:7798: result: yes
configure:7831: checking whether the gcc linker (/usr/bin/ld) supports shared libraries
configure:8886: result: yes
configure:8923: checking whether -lc should be explicitly linked in
configure:8928: gcc -c -g -O2  conftest.c >&5
configure:8931: $? = 0
configure:8946: gcc -shared conftest.o  -v -Wl,-soname -Wl,conftest -o conftest 2\>\&1 \| /bin/grep  -lc  \>/dev/null 2\>\&1
configure:8949: $? = 0
configure:8961: result: no
configure:9125: checking dynamic linker characteristics
configure:9568: gcc -o conftest -g -O2   -Wl,-rpath -Wl,/foo conftest.c  >&5
configure:9574: $? = 0
configure:9816: result: GNU/Linux ld.so
configure:9918: checking how to hardcode library paths into programs
configure:9943: result: immediate
configure:10756: checking whether stripping libraries is possible
configure:10761: result: yes
configure:10796: checking if libtool supports shared libraries
configure:10798: result: yes
configure:10801: checking whether to build shared libraries
configure:10822: result: yes
configure:10825: checking whether to build static libraries
configure:10829: result: yes
configure:10866: checking whether to enable maintainer-specific portions of Makefiles
configure:10875: result: no
configure:10938: checking sys/time.h usability
configure:10955: gcc -c -g -O2  conftest.c >&5
configure:10961: $? = 0
configure:10975: result: yes
configure:10979: checking sys/time.h presence
configure:10994: gcc -E  conftest.c
configure:11000: $? = 0
configure:11014: result: yes
configure:11042: checking for sys/time.h
configure:11050: result: yes
configure:11067: checking for gettimeofday
configure:11123: gcc -o conftest -g -O2   conftest.c  >&5
configure:11129: $? = 0
configure:11147: result: yes
configure:11291: creating ./config.status

## ---------------------- ##
## Running config.status. ##
## ---------------------- ##

This file was extended by config.status, which was
generated by GNU Autoconf 2.61.  Invocation command line was

  CONFIG_FILES    = 
  CONFIG_HEADERS  = 
  CONFIG_LINKS    = 
  CONFIG_COMMANDS = 
  $ ./config.status 

on juan-laptop

config.status:853: creating Makefile
config.status:853: creating src/Makefile
config.status:853: creating tests/Makefile
config.status:853: creating config/config.h
config.status:1083: config/config.h is unchanged
config.status:1130: executing depfiles commands
config.status:1130: executing libtool commands

## ---------------- ##
## Cache variables. ##
## ---------------- ##

ac_cv_build=i686-pc-linux-gnu
ac_cv_c_compiler_gnu=yes
ac_cv_env_CC_set=
ac_cv_env_CC_value=
ac_cv_env_CFLAGS_set=
ac_cv_env_CFLAGS_value=
ac_cv_env_CPPFLAGS_set=
ac_cv_env_CPPFLAGS_value=
ac_cv_env_CPP_set=
ac_cv_env_CPP_value=
ac_cv_env_LDFLAGS_set=
ac_cv_env_LDFLAGS_value=
ac_cv_env_LIBS_set=
ac_cv_env_LIBS_value=
ac_cv_env_build_alias_set=
ac_cv_env_build_alias_value=
ac_cv_env_host_alias_set=
ac_cv_env_host_alias_value=
ac_cv_env_target_alias_set=
ac_cv_env_target_alias_value=
ac_cv_func_gettimeofday=yes
ac_cv_header_dlfcn_h=yes
ac_cv_header_inttypes_h=yes
ac_cv_header_memory_h=yes
ac_cv_header_stdc=yes
ac_cv_header_stdint_h=yes
ac_cv_header_stdlib_h=yes
ac_cv_header_string_h=yes
ac_cv_header_strings_h=yes
ac_cv_header_sys_stat_h=yes
ac_cv_header_sys_time_h=yes
ac_cv_header_sys_types_h=yes
ac_cv_header_unistd_h=yes
ac_cv_host=i686-pc-linux-gnu
ac_cv_objext=o
ac_cv_path_EGREP='/bin/grep -E'
ac_cv_path_FGREP='/bin/grep -F'
ac_cv_path_GREP=/bin/grep
ac_cv_path_SED=/bin/sed
ac_cv_path_install='/usr/bin/install -c'
ac_cv_path_mkdir=/bin/mkdir
ac_cv_prog_AWK=gawk
ac_cv_prog_CPP='gcc -E'
ac_cv_prog_ac_ct_AR=ar
ac_cv_prog_ac_ct_CC=gcc
ac_cv_prog_ac_ct_RANLIB=ranlib
ac_cv_prog_ac_ct_STRIP=strip
ac_cv_prog_cc_c89=
ac_cv_prog_cc_g=yes
ac_cv_prog_make_make_set=yes
am_cv_CC_dependencies_compiler_type=gcc3
lt_cv_deplibs_check_method=pass_all
lt_cv_file_magic_cmd='$MAGIC_CMD'
lt_cv_file_magic_test_file=
lt_cv_ld_reload_flag=-r
lt_cv_nm_interface='BSD nm'
lt_cv_objdir=.libs
lt_cv_path_LD=/usr/bin/ld
lt_cv_path_NM='/usr/bin/nm -B'
lt_cv_prog_compiler_c_o=yes
lt_cv_prog_compiler_pic_works=yes
lt_cv_prog_compiler_rtti_exceptions=no
lt_cv_prog_compiler_static_works=yes
lt_cv_prog_gnu_ld=yes
lt_cv_sys_global_symbol_pipe='sed -n -e '\''s/^.*[	 ]\([ABCDGIRSTW][ABCDGIRSTW]*\)[	 ][	 ]*\([_A-Za-z][_A-Za-z0-9]*\)$/\1 \2 \2/p'\'''
lt_cv_sys_global_symbol_to_c_name_address='sed -n -e '\''s/^: \([^ ]*\) $/  {\"\1\", (void *) 0},/p'\'' -e '\''s/^[ABCDGIRSTW]* \([^ ]*\) \([^ ]*\)$/  {"\2", (void *) \&\2},/p'\'''
lt_cv_sys_global_symbol_to_c_name_address_lib_prefix='sed -n -e '\''s/^: \([^ ]*\) $/  {\"\1\", (void *) 0},/p'\'' -e '\''s/^[ABCDGIRSTW]* \([^ ]*\) \(lib[^ ]*\)$/  {"\2", (void *) \&\2},/p'\'' -e '\''s/^[ABCDGIRSTW]* \([^ ]*\) \([^ ]*\)$/  {"lib\2", (void *) \&\2},/p'\'''
lt_cv_sys_global_symbol_to_cdecl='sed -n -e '\''s/^T .* \(.*\)$/extern int \1();/p'\'' -e '\''s/^[ABCDGIRSTW]* .* \(.*\)$/extern char \1;/p'\'''
lt_cv_sys_max_cmd_len=1572864

## ----------------- ##
## Output variables. ##
## ----------------- ##

ACLOCAL='${SHELL} /home/juan/Escritorio/IA/15-rl-competition-2009/system/rl-glue/config/missing --run aclocal-1.10'
AMDEPBACKSLASH='\'
AMDEP_FALSE='#'
AMDEP_TRUE=''
AMTAR='${SHELL} /home/juan/Escritorio/IA/15-rl-competition-2009/system/rl-glue/config/missing --run tar'
AR='ar'
AUTOCONF='${SHELL} /home/juan/Escritorio/IA/15-rl-competition-2009/system/rl-glue/config/missing --run autoconf'
AUTOHEADER='${SHELL} /home/juan/Escritorio/IA/15-rl-competition-2009/system/rl-glue/config/missing --run autoheader'
AUTOMAKE='${SHELL} /home/juan/Escritorio/IA/15-rl-competition-2009/system/rl-glue/config/missing --run automake-1.10'
AWK='gawk'
CC='gcc'
CCDEPMODE='depmode=gcc3'
CFLAGS='-g -O2'
CPP='gcc -E'
CPPFLAGS=''
CYGPATH_W='echo'
DEFS='-DHAVE_CONFIG_H'
DEPDIR='.deps'
DSYMUTIL=''
DUMPBIN=''
ECHO_C=''
ECHO_N='-n'
ECHO_T=''
EGREP='/bin/grep -E'
EXEEXT=''
FGREP='/bin/grep -F'
GREP='/bin/grep'
INSTALL_DATA='${INSTALL} -m 644'
INSTALL_PROGRAM='${INSTALL}'
INSTALL_SCRIPT='${INSTALL}'
INSTALL_STRIP_PROGRAM='$(install_sh) -c -s'
LD='/usr/bin/ld'
LDFLAGS=''
LIBOBJS=''
LIBS=''
LIBTOOL='$(SHELL) $(top_builddir)/libtool'
LIPO=''
LN_S='ln -s'
LTLIBOBJS=''
MAINT='#'
MAINTAINER_MODE_FALSE=''
MAINTAINER_MODE_TRUE='#'
MAKEINFO='${SHELL} /home/juan/Escritorio/IA/15-rl-competition-2009/system/rl-glue/config/missing --run makeinfo'
MINGW_FALSE=''
MINGW_TRUE='#'
NM='/usr/bin/nm -B'
NMEDIT=''
OBJEXT='o'
OTOOL64=''
OTOOL=''
PACKAGE='rlglue'
PACKAGE_BUGREPORT=''
PACKAGE_NAME=''
PACKAGE_STRING=''
PACKAGE_TARNAME=''
PACKAGE_VERSION=''
PATH_SEPARATOR=':'
RANLIB='ranlib'
SED='/bin/sed'
SET_MAKE=''
SHELL='/bin/bash'
STRIP='strip'
VERSION='3.03'
ac_ct_CC='gcc'
ac_ct_DUMPBIN=''
am__fastdepCC_FALSE='#'
am__fastdepCC_TRUE=''
am__include='include'
am__isrc=''
am__leading_dot='.'
am__quote=''
am__tar='${AMTAR} chof - "$$tardir"'
am__untar='${AMTAR} xf -'
bindir='${exec_prefix}/bin'
build='i686-pc-linux-gnu'
build_alias=''
build_cpu='i686'
build_os='linux-gnu'
build_vendor='pc'
datadir='${datarootdir}'
datarootdir='${prefix}/share'
docdir='${datarootdir}/doc/${PACKAGE}'
dvidir='${docdir}'
exec_prefix='${prefix}'
host='i686-pc-linux-gnu'
host_alias=''
host_cpu='i686'
host_os='linux-gnu'
host_vendor='pc'
htmldir='${docdir}'
includedir='${prefix}/include'
infodir='${datarootdir}/info'
install_sh='$(SHELL) /home/juan/Escritorio/IA/15-rl-competition-2009/system/rl-glue/config/install-sh'
libdir='${exec_prefix}/lib'
libexecdir='${exec_prefix}/libexec'
localedir='${datarootdir}/locale'
localstatedir='${prefix}/var'
lt_ECHO='echo'
mandir='${datarootdir}/man'
mkdir_p='/bin/mkdir -p'
oldincludedir='/usr/include'
pdfdir='${docdir}'
prefix='/home/juan/Escritorio/IA/15-rl-competition-2009/system/build'
program_transform_name='s,x,x,'
psdir='${docdir}'
sbindir='${exec_prefix}/sbin'
sharedstatedir='${prefix}/com'
sysconfdir='${prefix}/etc'
target_alias=''

## ----------- ##
## confdefs.h. ##
## ----------- ##

#define PACKAGE_NAME ""
#define PACKAGE_TARNAME ""
#define PACKAGE_VERSION ""
#define PACKAGE_STRING ""
#define PACKAGE_BUGREPORT ""
#define PACKAGE "rlglue"
#define VERSION "3.03"
#define STDC_HEADERS 1
#define HAVE_SYS_TYPES_H 1
#define HAVE_SYS_STAT_H 1
#define HAVE_STDLIB_H 1
#define HAVE_STRING_H 1
#define HAVE_MEMORY_H 1
#define HAVE_STRINGS_H 1
#define HAVE_INTTYPES_H 1
#define HAVE_STDINT_H 1
#define HAVE_UNISTD_H 1
#define HAVE_DLFCN_H 1
#define LT_OBJDIR ".libs/"
#define HAVE_SYS_TIME_H 1
#define HAVE_GETTIMEOFDAY 1

configure: exit 0
